[debug] [2025-06-25T10:30:00.424Z] ----------------------------------------------------------------------
[debug] [2025-06-25T10:30:00.429Z] Command:       C:\Program Files\nodejs\node.exe C:\Users\lenovo\AppData\Roaming\npm\node_modules\firebase-tools\lib\bin\firebase.js deploy
[debug] [2025-06-25T10:30:00.429Z] CLI Version:   14.8.0
[debug] [2025-06-25T10:30:00.429Z] Platform:      win32
[debug] [2025-06-25T10:30:00.429Z] Node Version:  v22.15.0
[debug] [2025-06-25T10:30:00.430Z] Time:          Wed Jun 25 2025 11:30:00 GMT+0100 (West Africa Standard Time)
[debug] [2025-06-25T10:30:00.430Z] ----------------------------------------------------------------------
[debug] 
[debug] [2025-06-25T10:30:00.723Z] > command requires scopes: ["email","openid","https://www.googleapis.com/auth/cloudplatformprojects.readonly","https://www.googleapis.com/auth/firebase","https://www.googleapis.com/auth/cloud-platform"]
[debug] [2025-06-25T10:30:00.724Z] > authorizing via signed-in user (samyneil4@gmail.com)
[debug] [2025-06-25T10:30:00.724Z] [iam] checking project apple-service-allocation for permissions ["firebase.projects.get","firebasehosting.sites.update"]
[debug] [2025-06-25T10:30:00.725Z] Checked if tokens are valid: true, expires at: 1750850447411
[debug] [2025-06-25T10:30:00.726Z] Checked if tokens are valid: true, expires at: 1750850447411
[debug] [2025-06-25T10:30:00.733Z] >>> [apiv2][query] POST https://cloudresourcemanager.googleapis.com/v1/projects/apple-service-allocation:testIamPermissions [none]
[debug] [2025-06-25T10:30:00.733Z] >>> [apiv2][(partial)header] POST https://cloudresourcemanager.googleapis.com/v1/projects/apple-service-allocation:testIamPermissions x-goog-quota-user=projects/apple-service-allocation
[debug] [2025-06-25T10:30:00.733Z] >>> [apiv2][body] POST https://cloudresourcemanager.googleapis.com/v1/projects/apple-service-allocation:testIamPermissions {"permissions":["firebase.projects.get","firebasehosting.sites.update"]}
[debug] [2025-06-25T10:30:50.227Z] ----------------------------------------------------------------------
[debug] [2025-06-25T10:30:50.230Z] Command:       C:\Program Files\nodejs\node.exe C:\Users\lenovo\AppData\Roaming\npm\node_modules\firebase-tools\lib\bin\firebase.js deploy
[debug] [2025-06-25T10:30:50.231Z] CLI Version:   14.8.0
[debug] [2025-06-25T10:30:50.231Z] Platform:      win32
[debug] [2025-06-25T10:30:50.231Z] Node Version:  v22.15.0
[debug] [2025-06-25T10:30:50.232Z] Time:          Wed Jun 25 2025 11:30:50 GMT+0100 (West Africa Standard Time)
[debug] [2025-06-25T10:30:50.232Z] ----------------------------------------------------------------------
[debug] 
[debug] [2025-06-25T10:30:50.461Z] > command requires scopes: ["email","openid","https://www.googleapis.com/auth/cloudplatformprojects.readonly","https://www.googleapis.com/auth/firebase","https://www.googleapis.com/auth/cloud-platform"]
[debug] [2025-06-25T10:30:50.462Z] > authorizing via signed-in user (samyneil4@gmail.com)
[debug] [2025-06-25T10:30:50.462Z] [iam] checking project apple-service-allocation for permissions ["firebase.projects.get","firebasehosting.sites.update"]
[debug] [2025-06-25T10:30:50.463Z] Checked if tokens are valid: true, expires at: 1750850447411
[debug] [2025-06-25T10:30:50.463Z] Checked if tokens are valid: true, expires at: 1750850447411
[debug] [2025-06-25T10:30:50.464Z] >>> [apiv2][query] POST https://cloudresourcemanager.googleapis.com/v1/projects/apple-service-allocation:testIamPermissions [none]
[debug] [2025-06-25T10:30:50.464Z] >>> [apiv2][(partial)header] POST https://cloudresourcemanager.googleapis.com/v1/projects/apple-service-allocation:testIamPermissions x-goog-quota-user=projects/apple-service-allocation
[debug] [2025-06-25T10:30:50.464Z] >>> [apiv2][body] POST https://cloudresourcemanager.googleapis.com/v1/projects/apple-service-allocation:testIamPermissions {"permissions":["firebase.projects.get","firebasehosting.sites.update"]}
[debug] [2025-06-25T10:30:51.841Z] <<< [apiv2][status] POST https://cloudresourcemanager.googleapis.com/v1/projects/apple-service-allocation:testIamPermissions 200
[debug] [2025-06-25T10:30:51.842Z] <<< [apiv2][body] POST https://cloudresourcemanager.googleapis.com/v1/projects/apple-service-allocation:testIamPermissions {"permissions":["firebase.projects.get","firebasehosting.sites.update"]}
[debug] [2025-06-25T10:30:51.843Z] Checked if tokens are valid: true, expires at: 1750850447411
[debug] [2025-06-25T10:30:51.843Z] Checked if tokens are valid: true, expires at: 1750850447411
[debug] [2025-06-25T10:30:51.844Z] >>> [apiv2][query] GET https://firebase.googleapis.com/v1beta1/projects/apple-service-allocation [none]
[debug] [2025-06-25T10:30:52.875Z] <<< [apiv2][status] GET https://firebase.googleapis.com/v1beta1/projects/apple-service-allocation 200
[debug] [2025-06-25T10:30:52.876Z] <<< [apiv2][body] GET https://firebase.googleapis.com/v1beta1/projects/apple-service-allocation {"projectId":"apple-service-allocation","projectNumber":"845202552775","displayName":"Apple Service Allocation","name":"projects/apple-service-allocation","resources":{"hostingSite":"apple-service-allocation"},"state":"ACTIVE","etag":"1_08033bee-a641-476f-b618-e4abb002a565"}
[info] 
[info] === Deploying to 'apple-service-allocation'...
[info] 
[info] i  deploying hosting 
[debug] [2025-06-25T10:30:52.896Z] Checked if tokens are valid: true, expires at: 1750850447411
[debug] [2025-06-25T10:30:52.896Z] Checked if tokens are valid: true, expires at: 1750850447411
[debug] [2025-06-25T10:30:52.897Z] >>> [apiv2][query] POST https://firebasehosting.googleapis.com/v1beta1/projects/-/sites/apple-service-allocation/versions [none]
[debug] [2025-06-25T10:30:52.897Z] >>> [apiv2][body] POST https://firebasehosting.googleapis.com/v1beta1/projects/-/sites/apple-service-allocation/versions {"status":"CREATED","labels":{"deployment-tool":"cli-firebase"}}
[debug] [2025-06-25T10:30:55.110Z] <<< [apiv2][status] POST https://firebasehosting.googleapis.com/v1beta1/projects/-/sites/apple-service-allocation/versions 200
[debug] [2025-06-25T10:30:55.110Z] <<< [apiv2][body] POST https://firebasehosting.googleapis.com/v1beta1/projects/-/sites/apple-service-allocation/versions {"name":"projects/845202552775/sites/apple-service-allocation/versions/0d86a68d7bc28668","status":"CREATED","config":{},"labels":{"deployment-tool":"cli-firebase"}}
[info] i  hosting[apple-service-allocation]: beginning deploy... 
[info] i  hosting[apple-service-allocation]: found 3 files in dist 
[debug] [2025-06-25T10:31:14.140Z] [hosting] uploading with 200 concurrency
[debug] [2025-06-25T10:31:14.178Z] Checked if tokens are valid: true, expires at: 1750850447411
[debug] [2025-06-25T10:31:14.179Z] Checked if tokens are valid: true, expires at: 1750850447411
[debug] [2025-06-25T10:31:14.179Z] [hosting] hash cache [ZGlzdA] stored for 3 files
[debug] [2025-06-25T10:31:14.180Z] [hosting][hash queue][FINAL] {"max":32,"min":10,"avg":17.666666666666668,"active":0,"complete":3,"success":3,"errored":0,"retried":0,"total":3,"elapsed":35}
[debug] [2025-06-25T10:31:14.180Z] >>> [apiv2][query] POST https://firebasehosting.googleapis.com/v1beta1/projects/845202552775/sites/apple-service-allocation/versions/0d86a68d7bc28668:populateFiles [none]
[debug] [2025-06-25T10:31:14.180Z] >>> [apiv2][body] POST https://firebasehosting.googleapis.com/v1beta1/projects/845202552775/sites/apple-service-allocation/versions/0d86a68d7bc28668:populateFiles {"files":{"/index.html":"b52c05f87457771f32808ac0c9fe09d4c9670d112174894f91e3683636cdf383","/assets/index-B2ddXMJX.css":"92eef7592d097c8a5ae7cb6161125a5230a0058b1f14abc03a1975a4a353b98f","/assets/index-DZEk99t-.js":"5e80623ed40644d957a596b8e84698904c48e713a328b58148db8daa665ed5ce"}}
[debug] [2025-06-25T10:31:16.096Z] <<< [apiv2][status] POST https://firebasehosting.googleapis.com/v1beta1/projects/845202552775/sites/apple-service-allocation/versions/0d86a68d7bc28668:populateFiles 200
[debug] [2025-06-25T10:31:16.097Z] <<< [apiv2][body] POST https://firebasehosting.googleapis.com/v1beta1/projects/845202552775/sites/apple-service-allocation/versions/0d86a68d7bc28668:populateFiles {"uploadUrl":"https://upload-firebasehosting.googleapis.com/upload/sites/apple-service-allocation/versions/0d86a68d7bc28668/files"}
[debug] [2025-06-25T10:31:16.097Z] [hosting][populate queue][FINAL] {"max":1919,"min":1919,"avg":1919,"active":0,"complete":1,"success":1,"errored":0,"retried":0,"total":1,"elapsed":1919}
[debug] [2025-06-25T10:31:16.097Z] [hosting] uploads queued: 0
[debug] [2025-06-25T10:31:16.097Z] [hosting][upload queue][FINAL] {"max":0,"min":9999999999,"avg":0,"active":0,"complete":0,"success":0,"errored":0,"retried":0,"total":0,"elapsed":1750847476097}
[info] +  hosting[apple-service-allocation]: file upload complete 
[debug] [2025-06-25T10:31:16.099Z] [hosting] deploy completed after 2001ms
[debug] [2025-06-25T10:31:16.100Z] [
  {
    "config": {
      "public": "dist",
      "ignore": [
        "firebase.json",
        "**/.*",
        "**/node_modules/**"
      ],
      "rewrites": [
        {
          "source": "**",
          "destination": "/index.html"
        }
      ],
      "site": "apple-service-allocation"
    },
    "version": "projects/845202552775/sites/apple-service-allocation/versions/0d86a68d7bc28668"
  }
]
[info] i  hosting[apple-service-allocation]: finalizing version... 
[debug] [2025-06-25T10:31:16.105Z] Checked if tokens are valid: true, expires at: 1750850447411
[debug] [2025-06-25T10:31:16.105Z] Checked if tokens are valid: true, expires at: 1750850447411
[debug] [2025-06-25T10:31:16.106Z] >>> [apiv2][query] PATCH https://firebasehosting.googleapis.com/v1beta1/projects/-/sites/apple-service-allocation/versions/0d86a68d7bc28668 updateMask=status%2Cconfig
[debug] [2025-06-25T10:31:16.106Z] >>> [apiv2][body] PATCH https://firebasehosting.googleapis.com/v1beta1/projects/-/sites/apple-service-allocation/versions/0d86a68d7bc28668 {"status":"FINALIZED","config":{"rewrites":[{"glob":"**","path":"/index.html"}]}}
[debug] [2025-06-25T10:31:17.004Z] <<< [apiv2][status] PATCH https://firebasehosting.googleapis.com/v1beta1/projects/-/sites/apple-service-allocation/versions/0d86a68d7bc28668 200
[debug] [2025-06-25T10:31:17.004Z] <<< [apiv2][body] PATCH https://firebasehosting.googleapis.com/v1beta1/projects/-/sites/apple-service-allocation/versions/0d86a68d7bc28668 {"name":"projects/845202552775/sites/apple-service-allocation/versions/0d86a68d7bc28668","status":"FINALIZED","config":{"rewrites":[{"glob":"**","path":"/index.html"}]},"labels":{"deployment-tool":"cli-firebase"},"createTime":"2025-06-25T10:30:54.730030Z","createUser":{"email":"samyneil4@gmail.com"},"finalizeTime":"2025-06-25T10:31:16.866967Z","finalizeUser":{"email":"samyneil4@gmail.com"}}
[debug] [2025-06-25T10:31:17.005Z] [hosting] finalized version for apple-service-allocation:[object Object]
[info] +  hosting[apple-service-allocation]: version finalized 
[info] i  hosting[apple-service-allocation]: releasing new version... 
[debug] [2025-06-25T10:31:17.006Z] Checked if tokens are valid: true, expires at: 1750850447411
[debug] [2025-06-25T10:31:17.006Z] Checked if tokens are valid: true, expires at: 1750850447411
[debug] [2025-06-25T10:31:17.007Z] >>> [apiv2][query] POST https://firebasehosting.googleapis.com/v1beta1/projects/-/sites/apple-service-allocation/channels/live/releases versionName=projects%2F845202552775%2Fsites%2Fapple-service-allocation%2Fversions%2F0d86a68d7bc28668
[debug] [2025-06-25T10:31:17.007Z] >>> [apiv2][body] POST https://firebasehosting.googleapis.com/v1beta1/projects/-/sites/apple-service-allocation/channels/live/releases {}
[debug] [2025-06-25T10:31:17.748Z] <<< [apiv2][status] POST https://firebasehosting.googleapis.com/v1beta1/projects/-/sites/apple-service-allocation/channels/live/releases 200
[debug] [2025-06-25T10:31:17.748Z] <<< [apiv2][body] POST https://firebasehosting.googleapis.com/v1beta1/projects/-/sites/apple-service-allocation/channels/live/releases {"name":"projects/845202552775/sites/apple-service-allocation/channels/live/releases/1750847476995000","version":{"name":"projects/845202552775/sites/apple-service-allocation/versions/0d86a68d7bc28668","status":"FINALIZED","config":{"rewrites":[{"glob":"**","path":"/index.html"}]},"labels":{"deployment-tool":"cli-firebase"},"createTime":"2025-06-25T10:30:54.730030Z","createUser":{"email":"samyneil4@gmail.com","imageUrl":"https://lh3.googleusercontent.com/a/ACg8ocJdC7cJgJQ-amf49bozvT6jOfbNjkKP6hc_fxbUcAMUxLCuSQ=mo"},"finalizeTime":"2025-06-25T10:31:16.866967Z","finalizeUser":{"email":"samyneil4@gmail.com","imageUrl":"https://lh3.googleusercontent.com/a/ACg8ocJdC7cJgJQ-amf49bozvT6jOfbNjkKP6hc_fxbUcAMUxLCuSQ=mo"}},"type":"DEPLOY","releaseTime":"2025-06-25T10:31:16.995Z","releaseUser":{"email":"samyneil4@gmail.com","imageUrl":"https://lh3.googleusercontent.com/a/ACg8ocJdC7cJgJQ-amf49bozvT6jOfbNjkKP6hc_fxbUcAMUxLCuSQ=mo"}}
[debug] [2025-06-25T10:31:17.749Z] [hosting] release: {"name":"projects/845202552775/sites/apple-service-allocation/channels/live/releases/1750847476995000","version":{"name":"projects/845202552775/sites/apple-service-allocation/versions/0d86a68d7bc28668","status":"FINALIZED","config":{"rewrites":[{"glob":"**","path":"/index.html"}]},"labels":{"deployment-tool":"cli-firebase"},"createTime":"2025-06-25T10:30:54.730030Z","createUser":{"email":"samyneil4@gmail.com","imageUrl":"https://lh3.googleusercontent.com/a/ACg8ocJdC7cJgJQ-amf49bozvT6jOfbNjkKP6hc_fxbUcAMUxLCuSQ=mo"},"finalizeTime":"2025-06-25T10:31:16.866967Z","finalizeUser":{"email":"samyneil4@gmail.com","imageUrl":"https://lh3.googleusercontent.com/a/ACg8ocJdC7cJgJQ-amf49bozvT6jOfbNjkKP6hc_fxbUcAMUxLCuSQ=mo"}},"type":"DEPLOY","releaseTime":"2025-06-25T10:31:16.995Z","releaseUser":{"email":"samyneil4@gmail.com","imageUrl":"https://lh3.googleusercontent.com/a/ACg8ocJdC7cJgJQ-amf49bozvT6jOfbNjkKP6hc_fxbUcAMUxLCuSQ=mo"}}
[info] +  hosting[apple-service-allocation]: release complete 
[info] 
[info] +  Deploy complete! 
[info] 
[info] Project Console: https://console.firebase.google.com/project/apple-service-allocation/overview
[info] Hosting URL: https://apple-service-allocation.web.app
[debug] [2025-06-25T10:31:44.961Z] Error: Timed out.
    at Timeout._onTimeout (C:\Users\lenovo\AppData\Roaming\npm\node_modules\firebase-tools\lib\utils.js:267:49)
    at listOnTimeout (node:internal/timers:588:17)
    at process.processTimers (node:internal/timers:523:7)
[error] 
[error] Error: An unexpected error has occurred.
